Build started 16/05/2017 17:37:23.
     1>Project "D:\Tolfaine\Education et emploi\Education\Enjmin\Projets\Synthese image\Exercice 1\Exercice 1\_minecraft\base\base.vcxproj" on node 2 (Build target(s)).
     1>ClCompile:
         D:\Tolfaine\Logiciels\VC\bin\CL.exe /c /I../src /I../src/external /I../../_engine/src /I../../_engine/src/external /I../../_engine/src/external/bullet/src /ZI /nologo /W3 /WX- /Od /Oy- /D LOG_FILE /D WIN32 /D _DEBUG /D _WINDOWS /D _CRT_SECURE_NO_WARNINGS /D TETLIBRARY /D _UNICODE /D UNICODE /Gm /EHsc /RTC1 /MDd /GS /fp:precise /Zc:wchar_t /Zc:forScope /Fo"Debug\\" /Fd"Debug\vc120.pdb" /Gd /TP /analyze- /errorReport:prompt ..\src\main.cpp
         main.cpp
     1>d:\tolfaine\education et emploi\education\enjmin\projets\synthese image\exercice 1\exercice 1\_engine\src\engine\utils\ny_utils.h(25): warning C4005: 'NAN' : macro redefinition
                 d:\tolfaine\logiciels\vc\include\math.h(106) : see previous definition of 'NAN'
     1>d:\tolfaine\education et emploi\education\enjmin\projets\synthese image\exercice 1\exercice 1\_minecraft\src\chunk.h(291): warning C4305: '=' : truncation from 'double' to 'float'
     1>d:\tolfaine\education et emploi\education\enjmin\projets\synthese image\exercice 1\exercice 1\_minecraft\src\chunk.h(292): warning C4305: '=' : truncation from 'double' to 'float'
     1>d:\tolfaine\education et emploi\education\enjmin\projets\synthese image\exercice 1\exercice 1\_minecraft\src\chunk.h(296): warning C4305: '=' : truncation from 'double' to 'float'
     1>d:\tolfaine\education et emploi\education\enjmin\projets\synthese image\exercice 1\exercice 1\_minecraft\src\chunk.h(297): warning C4305: '=' : truncation from 'double' to 'float'
     1>d:\tolfaine\education et emploi\education\enjmin\projets\synthese image\exercice 1\exercice 1\_minecraft\src\chunk.h(298): warning C4305: '=' : truncation from 'double' to 'float'
     1>d:\tolfaine\education et emploi\education\enjmin\projets\synthese image\exercice 1\exercice 1\_minecraft\src\chunk.h(301): warning C4305: '=' : truncation from 'double' to 'float'
     1>d:\tolfaine\education et emploi\education\enjmin\projets\synthese image\exercice 1\exercice 1\_minecraft\src\chunk.h(302): warning C4305: '=' : truncation from 'double' to 'float'
     1>d:\tolfaine\education et emploi\education\enjmin\projets\synthese image\exercice 1\exercice 1\_minecraft\src\chunk.h(303): warning C4305: '=' : truncation from 'double' to 'float'
     1>d:\tolfaine\education et emploi\education\enjmin\projets\synthese image\exercice 1\exercice 1\_minecraft\src\chunk.h(306): warning C4305: '=' : truncation from 'double' to 'float'
     1>d:\tolfaine\education et emploi\education\enjmin\projets\synthese image\exercice 1\exercice 1\_minecraft\src\chunk.h(307): warning C4305: '=' : truncation from 'double' to 'float'
     1>d:\tolfaine\education et emploi\education\enjmin\projets\synthese image\exercice 1\exercice 1\_minecraft\src\chunk.h(308): warning C4305: '=' : truncation from 'double' to 'float'
     1>d:\tolfaine\education et emploi\education\enjmin\projets\synthese image\exercice 1\exercice 1\_minecraft\src\chunk.h(316): warning C4305: '=' : truncation from 'double' to 'float'
     1>d:\tolfaine\education et emploi\education\enjmin\projets\synthese image\exercice 1\exercice 1\_minecraft\src\chunk.h(317): warning C4305: '=' : truncation from 'double' to 'float'
     1>d:\tolfaine\education et emploi\education\enjmin\projets\synthese image\exercice 1\exercice 1\_minecraft\src\chunk.h(318): warning C4305: '=' : truncation from 'double' to 'float'
     1>d:\tolfaine\education et emploi\education\enjmin\projets\synthese image\exercice 1\exercice 1\_minecraft\src\chunk.h(336): warning C4244: '=' : conversion from 'int' to 'float', possible loss of data
     1>d:\tolfaine\education et emploi\education\enjmin\projets\synthese image\exercice 1\exercice 1\_minecraft\src\chunk.h(337): warning C4244: '=' : conversion from 'int' to 'float', possible loss of data
     1>d:\tolfaine\education et emploi\education\enjmin\projets\synthese image\exercice 1\exercice 1\_minecraft\src\chunk.h(338): warning C4244: '=' : conversion from 'int' to 'float', possible loss of data
     1>d:\tolfaine\education et emploi\education\enjmin\projets\synthese image\exercice 1\exercice 1\_minecraft\src\chunk.h(350): warning C4244: '=' : conversion from 'const int' to 'float', possible loss of data
     1>d:\tolfaine\education et emploi\education\enjmin\projets\synthese image\exercice 1\exercice 1\_minecraft\src\chunk.h(352): warning C4244: '=' : conversion from 'const int' to 'float', possible loss of data
     1>d:\tolfaine\education et emploi\education\enjmin\projets\synthese image\exercice 1\exercice 1\_minecraft\src\chunk.h(354): warning C4244: '=' : conversion from 'const int' to 'float', possible loss of data
     1>d:\tolfaine\education et emploi\education\enjmin\projets\synthese image\exercice 1\exercice 1\_minecraft\src\chunk.h(360): warning C4244: '=' : conversion from 'const int' to 'float', possible loss of data
     1>d:\tolfaine\education et emploi\education\enjmin\projets\synthese image\exercice 1\exercice 1\_minecraft\src\chunk.h(362): warning C4244: '=' : conversion from 'const int' to 'float', possible loss of data
     1>d:\tolfaine\education et emploi\education\enjmin\projets\synthese image\exercice 1\exercice 1\_minecraft\src\chunk.h(364): warning C4244: '=' : conversion from 'const int' to 'float', possible loss of data
     1>d:\tolfaine\education et emploi\education\enjmin\projets\synthese image\exercice 1\exercice 1\_minecraft\src\chunk.h(368): warning C4244: '=' : conversion from 'const int' to 'float', possible loss of data
     1>d:\tolfaine\education et emploi\education\enjmin\projets\synthese image\exercice 1\exercice 1\_minecraft\src\chunk.h(370): warning C4244: '=' : conversion from 'const int' to 'float', possible loss of data
     1>d:\tolfaine\education et emploi\education\enjmin\projets\synthese image\exercice 1\exercice 1\_minecraft\src\chunk.h(372): warning C4244: '=' : conversion from 'const int' to 'float', possible loss of data
     1>d:\tolfaine\education et emploi\education\enjmin\projets\synthese image\exercice 1\exercice 1\_minecraft\src\chunk.h(377): warning C4244: '=' : conversion from 'const int' to 'float', possible loss of data
     1>d:\tolfaine\education et emploi\education\enjmin\projets\synthese image\exercice 1\exercice 1\_minecraft\src\chunk.h(379): warning C4244: '=' : conversion from 'const int' to 'float', possible loss of data
     1>d:\tolfaine\education et emploi\education\enjmin\projets\synthese image\exercice 1\exercice 1\_minecraft\src\chunk.h(381): warning C4244: '=' : conversion from 'const int' to 'float', possible loss of data
     1>d:\tolfaine\education et emploi\education\enjmin\projets\synthese image\exercice 1\exercice 1\_minecraft\src\chunk.h(386): warning C4244: '=' : conversion from 'const int' to 'float', possible loss of data
     1>d:\tolfaine\education et emploi\education\enjmin\projets\synthese image\exercice 1\exercice 1\_minecraft\src\chunk.h(388): warning C4244: '=' : conversion from 'const int' to 'float', possible loss of data
     1>d:\tolfaine\education et emploi\education\enjmin\projets\synthese image\exercice 1\exercice 1\_minecraft\src\chunk.h(390): warning C4244: '=' : conversion from 'const int' to 'float', possible loss of data
     1>d:\tolfaine\education et emploi\education\enjmin\projets\synthese image\exercice 1\exercice 1\_minecraft\src\chunk.h(395): warning C4244: '=' : conversion from 'const int' to 'float', possible loss of data
     1>d:\tolfaine\education et emploi\education\enjmin\projets\synthese image\exercice 1\exercice 1\_minecraft\src\chunk.h(397): warning C4244: '=' : conversion from 'const int' to 'float', possible loss of data
     1>d:\tolfaine\education et emploi\education\enjmin\projets\synthese image\exercice 1\exercice 1\_minecraft\src\chunk.h(399): warning C4244: '=' : conversion from 'const int' to 'float', possible loss of data
     1>d:\tolfaine\education et emploi\education\enjmin\projets\synthese image\exercice 1\exercice 1\_minecraft\src\chunk.h(417): warning C4244: '=' : conversion from 'const int' to 'float', possible loss of data
     1>d:\tolfaine\education et emploi\education\enjmin\projets\synthese image\exercice 1\exercice 1\_minecraft\src\chunk.h(419): warning C4244: '=' : conversion from 'const int' to 'float', possible loss of data
     1>d:\tolfaine\education et emploi\education\enjmin\projets\synthese image\exercice 1\exercice 1\_minecraft\src\chunk.h(421): warning C4244: '=' : conversion from 'const int' to 'float', possible loss of data
     1>d:\tolfaine\education et emploi\education\enjmin\projets\synthese image\exercice 1\exercice 1\_minecraft\src\chunk.h(424): warning C4244: '=' : conversion from 'const int' to 'float', possible loss of data
     1>d:\tolfaine\education et emploi\education\enjmin\projets\synthese image\exercice 1\exercice 1\_minecraft\src\chunk.h(426): warning C4244: '=' : conversion from 'const int' to 'float', possible loss of data
     1>d:\tolfaine\education et emploi\education\enjmin\projets\synthese image\exercice 1\exercice 1\_minecraft\src\chunk.h(428): warning C4244: '=' : conversion from 'const int' to 'float', possible loss of data
     1>d:\tolfaine\education et emploi\education\enjmin\projets\synthese image\exercice 1\exercice 1\_minecraft\src\chunk.h(431): warning C4244: '=' : conversion from 'const int' to 'float', possible loss of data
     1>d:\tolfaine\education et emploi\education\enjmin\projets\synthese image\exercice 1\exercice 1\_minecraft\src\chunk.h(433): warning C4244: '=' : conversion from 'const int' to 'float', possible loss of data
     1>d:\tolfaine\education et emploi\education\enjmin\projets\synthese image\exercice 1\exercice 1\_minecraft\src\chunk.h(435): warning C4244: '=' : conversion from 'const int' to 'float', possible loss of data
     1>d:\tolfaine\education et emploi\education\enjmin\projets\synthese image\exercice 1\exercice 1\_minecraft\src\chunk.h(446): warning C4244: '=' : conversion from 'const int' to 'float', possible loss of data
     1>d:\tolfaine\education et emploi\education\enjmin\projets\synthese image\exercice 1\exercice 1\_minecraft\src\chunk.h(448): warning C4244: '=' : conversion from 'const int' to 'float', possible loss of data
     1>d:\tolfaine\education et emploi\education\enjmin\projets\synthese image\exercice 1\exercice 1\_minecraft\src\chunk.h(450): warning C4244: '=' : conversion from 'const int' to 'float', possible loss of data
     1>d:\tolfaine\education et emploi\education\enjmin\projets\synthese image\exercice 1\exercice 1\_minecraft\src\chunk.h(453): warning C4244: '=' : conversion from 'const int' to 'float', possible loss of data
     1>d:\tolfaine\education et emploi\education\enjmin\projets\synthese image\exercice 1\exercice 1\_minecraft\src\chunk.h(455): warning C4244: '=' : conversion from 'const int' to 'float', possible loss of data
     1>d:\tolfaine\education et emploi\education\enjmin\projets\synthese image\exercice 1\exercice 1\_minecraft\src\chunk.h(457): warning C4244: '=' : conversion from 'const int' to 'float', possible loss of data
     1>d:\tolfaine\education et emploi\education\enjmin\projets\synthese image\exercice 1\exercice 1\_minecraft\src\chunk.h(460): warning C4244: '=' : conversion from 'const int' to 'float', possible loss of data
     1>d:\tolfaine\education et emploi\education\enjmin\projets\synthese image\exercice 1\exercice 1\_minecraft\src\chunk.h(462): warning C4244: '=' : conversion from 'const int' to 'float', possible loss of data
     1>d:\tolfaine\education et emploi\education\enjmin\projets\synthese image\exercice 1\exercice 1\_minecraft\src\chunk.h(464): warning C4244: '=' : conversion from 'const int' to 'float', possible loss of data
     1>d:\tolfaine\education et emploi\education\enjmin\projets\synthese image\exercice 1\exercice 1\_minecraft\src\chunk.h(482): warning C4244: '=' : conversion from 'const int' to 'float', possible loss of data
     1>d:\tolfaine\education et emploi\education\enjmin\projets\synthese image\exercice 1\exercice 1\_minecraft\src\chunk.h(484): warning C4244: '=' : conversion from 'const int' to 'float', possible loss of data
     1>d:\tolfaine\education et emploi\education\enjmin\projets\synthese image\exercice 1\exercice 1\_minecraft\src\chunk.h(486): warning C4244: '=' : conversion from 'const int' to 'float', possible loss of data
     1>d:\tolfaine\education et emploi\education\enjmin\projets\synthese image\exercice 1\exercice 1\_minecraft\src\chunk.h(489): warning C4244: '=' : conversion from 'const int' to 'float', possible loss of data
     1>d:\tolfaine\education et emploi\education\enjmin\projets\synthese image\exercice 1\exercice 1\_minecraft\src\chunk.h(491): warning C4244: '=' : conversion from 'const int' to 'float', possible loss of data
     1>d:\tolfaine\education et emploi\education\enjmin\projets\synthese image\exercice 1\exercice 1\_minecraft\src\chunk.h(493): warning C4244: '=' : conversion from 'const int' to 'float', possible loss of data
     1>d:\tolfaine\education et emploi\education\enjmin\projets\synthese image\exercice 1\exercice 1\_minecraft\src\chunk.h(496): warning C4244: '=' : conversion from 'const int' to 'float', possible loss of data
     1>d:\tolfaine\education et emploi\education\enjmin\projets\synthese image\exercice 1\exercice 1\_minecraft\src\chunk.h(498): warning C4244: '=' : conversion from 'const int' to 'float', possible loss of data
     1>d:\tolfaine\education et emploi\education\enjmin\projets\synthese image\exercice 1\exercice 1\_minecraft\src\chunk.h(500): warning C4244: '=' : conversion from 'const int' to 'float', possible loss of data
     1>d:\tolfaine\education et emploi\education\enjmin\projets\synthese image\exercice 1\exercice 1\_minecraft\src\chunk.h(512): warning C4244: '=' : conversion from 'const int' to 'float', possible loss of data
     1>d:\tolfaine\education et emploi\education\enjmin\projets\synthese image\exercice 1\exercice 1\_minecraft\src\chunk.h(514): warning C4244: '=' : conversion from 'const int' to 'float', possible loss of data
     1>d:\tolfaine\education et emploi\education\enjmin\projets\synthese image\exercice 1\exercice 1\_minecraft\src\chunk.h(516): warning C4244: '=' : conversion from 'const int' to 'float', possible loss of data
     1>d:\tolfaine\education et emploi\education\enjmin\projets\synthese image\exercice 1\exercice 1\_minecraft\src\chunk.h(519): warning C4244: '=' : conversion from 'const int' to 'float', possible loss of data
     1>d:\tolfaine\education et emploi\education\enjmin\projets\synthese image\exercice 1\exercice 1\_minecraft\src\chunk.h(521): warning C4244: '=' : conversion from 'const int' to 'float', possible loss of data
     1>d:\tolfaine\education et emploi\education\enjmin\projets\synthese image\exercice 1\exercice 1\_minecraft\src\chunk.h(523): warning C4244: '=' : conversion from 'const int' to 'float', possible loss of data
     1>d:\tolfaine\education et emploi\education\enjmin\projets\synthese image\exercice 1\exercice 1\_minecraft\src\chunk.h(526): warning C4244: '=' : conversion from 'const int' to 'float', possible loss of data
     1>d:\tolfaine\education et emploi\education\enjmin\projets\synthese image\exercice 1\exercice 1\_minecraft\src\chunk.h(528): warning C4244: '=' : conversion from 'const int' to 'float', possible loss of data
     1>d:\tolfaine\education et emploi\education\enjmin\projets\synthese image\exercice 1\exercice 1\_minecraft\src\chunk.h(530): warning C4244: '=' : conversion from 'const int' to 'float', possible loss of data
     1>d:\tolfaine\education et emploi\education\enjmin\projets\synthese image\exercice 1\exercice 1\_minecraft\src\chunk.h(550): warning C4244: '=' : conversion from 'const int' to 'float', possible loss of data
     1>d:\tolfaine\education et emploi\education\enjmin\projets\synthese image\exercice 1\exercice 1\_minecraft\src\chunk.h(552): warning C4244: '=' : conversion from 'const int' to 'float', possible loss of data
     1>d:\tolfaine\education et emploi\education\enjmin\projets\synthese image\exercice 1\exercice 1\_minecraft\src\chunk.h(554): warning C4244: '=' : conversion from 'const int' to 'float', possible loss of data
     1>d:\tolfaine\education et emploi\education\enjmin\projets\synthese image\exercice 1\exercice 1\_minecraft\src\chunk.h(557): warning C4244: '=' : conversion from 'const int' to 'float', possible loss of data
     1>d:\tolfaine\education et emploi\education\enjmin\projets\synthese image\exercice 1\exercice 1\_minecraft\src\chunk.h(559): warning C4244: '=' : conversion from 'const int' to 'float', possible loss of data
     1>d:\tolfaine\education et emploi\education\enjmin\projets\synthese image\exercice 1\exercice 1\_minecraft\src\chunk.h(561): warning C4244: '=' : conversion from 'const int' to 'float', possible loss of data
     1>d:\tolfaine\education et emploi\education\enjmin\projets\synthese image\exercice 1\exercice 1\_minecraft\src\chunk.h(564): warning C4244: '=' : conversion from 'const int' to 'float', possible loss of data
     1>d:\tolfaine\education et emploi\education\enjmin\projets\synthese image\exercice 1\exercice 1\_minecraft\src\chunk.h(566): warning C4244: '=' : conversion from 'const int' to 'float', possible loss of data
     1>d:\tolfaine\education et emploi\education\enjmin\projets\synthese image\exercice 1\exercice 1\_minecraft\src\chunk.h(568): warning C4244: '=' : conversion from 'const int' to 'float', possible loss of data
     1>d:\tolfaine\education et emploi\education\enjmin\projets\synthese image\exercice 1\exercice 1\_minecraft\src\chunk.h(579): warning C4244: '=' : conversion from 'const int' to 'float', possible loss of data
     1>d:\tolfaine\education et emploi\education\enjmin\projets\synthese image\exercice 1\exercice 1\_minecraft\src\chunk.h(581): warning C4244: '=' : conversion from 'const int' to 'float', possible loss of data
     1>d:\tolfaine\education et emploi\education\enjmin\projets\synthese image\exercice 1\exercice 1\_minecraft\src\chunk.h(583): warning C4244: '=' : conversion from 'const int' to 'float', possible loss of data
     1>d:\tolfaine\education et emploi\education\enjmin\projets\synthese image\exercice 1\exercice 1\_minecraft\src\chunk.h(586): warning C4244: '=' : conversion from 'const int' to 'float', possible loss of data
     1>d:\tolfaine\education et emploi\education\enjmin\projets\synthese image\exercice 1\exercice 1\_minecraft\src\chunk.h(588): warning C4244: '=' : conversion from 'const int' to 'float', possible loss of data
     1>d:\tolfaine\education et emploi\education\enjmin\projets\synthese image\exercice 1\exercice 1\_minecraft\src\chunk.h(590): warning C4244: '=' : conversion from 'const int' to 'float', possible loss of data
     1>d:\tolfaine\education et emploi\education\enjmin\projets\synthese image\exercice 1\exercice 1\_minecraft\src\chunk.h(593): warning C4244: '=' : conversion from 'const int' to 'float', possible loss of data
     1>d:\tolfaine\education et emploi\education\enjmin\projets\synthese image\exercice 1\exercice 1\_minecraft\src\chunk.h(595): warning C4244: '=' : conversion from 'const int' to 'float', possible loss of data
     1>d:\tolfaine\education et emploi\education\enjmin\projets\synthese image\exercice 1\exercice 1\_minecraft\src\chunk.h(597): warning C4244: '=' : conversion from 'const int' to 'float', possible loss of data
     1>d:\tolfaine\education et emploi\education\enjmin\projets\synthese image\exercice 1\exercice 1\_minecraft\src\chunk.h(614): warning C4244: '=' : conversion from 'const int' to 'float', possible loss of data
     1>d:\tolfaine\education et emploi\education\enjmin\projets\synthese image\exercice 1\exercice 1\_minecraft\src\chunk.h(616): warning C4244: '=' : conversion from 'const int' to 'float', possible loss of data
     1>d:\tolfaine\education et emploi\education\enjmin\projets\synthese image\exercice 1\exercice 1\_minecraft\src\chunk.h(618): warning C4244: '=' : conversion from 'const int' to 'float', possible loss of data
     1>d:\tolfaine\education et emploi\education\enjmin\projets\synthese image\exercice 1\exercice 1\_minecraft\src\chunk.h(621): warning C4244: '=' : conversion from 'const int' to 'float', possible loss of data
     1>d:\tolfaine\education et emploi\education\enjmin\projets\synthese image\exercice 1\exercice 1\_minecraft\src\chunk.h(623): warning C4244: '=' : conversion from 'const int' to 'float', possible loss of data
     1>d:\tolfaine\education et emploi\education\enjmin\projets\synthese image\exercice 1\exercice 1\_minecraft\src\chunk.h(625): warning C4244: '=' : conversion from 'const int' to 'float', possible loss of data
     1>d:\tolfaine\education et emploi\education\enjmin\projets\synthese image\exercice 1\exercice 1\_minecraft\src\chunk.h(628): warning C4244: '=' : conversion from 'const int' to 'float', possible loss of data
     1>d:\tolfaine\education et emploi\education\enjmin\projets\synthese image\exercice 1\exercice 1\_minecraft\src\chunk.h(630): warning C4244: '=' : conversion from 'const int' to 'float', possible loss of data
     1>d:\tolfaine\education et emploi\education\enjmin\projets\synthese image\exercice 1\exercice 1\_minecraft\src\chunk.h(632): warning C4244: '=' : conversion from 'const int' to 'float', possible loss of data
     1>d:\tolfaine\education et emploi\education\enjmin\projets\synthese image\exercice 1\exercice 1\_minecraft\src\chunk.h(643): warning C4244: '=' : conversion from 'const int' to 'float', possible loss of data
     1>d:\tolfaine\education et emploi\education\enjmin\projets\synthese image\exercice 1\exercice 1\_minecraft\src\chunk.h(645): warning C4244: '=' : conversion from 'const int' to 'float', possible loss of data
     1>d:\tolfaine\education et emploi\education\enjmin\projets\synthese image\exercice 1\exercice 1\_minecraft\src\chunk.h(647): warning C4244: '=' : conversion from 'const int' to 'float', possible loss of data
     1>d:\tolfaine\education et emploi\education\enjmin\projets\synthese image\exercice 1\exercice 1\_minecraft\src\chunk.h(650): warning C4244: '=' : conversion from 'const int' to 'float', possible loss of data
     1>d:\tolfaine\education et emploi\education\enjmin\projets\synthese image\exercice 1\exercice 1\_minecraft\src\chunk.h(652): warning C4244: '=' : conversion from 'const int' to 'float', possible loss of data
     1>d:\tolfaine\education et emploi\education\enjmin\projets\synthese image\exercice 1\exercice 1\_minecraft\src\chunk.h(654): warning C4244: '=' : conversion from 'const int' to 'float', possible loss of data
     1>d:\tolfaine\education et emploi\education\enjmin\projets\synthese image\exercice 1\exercice 1\_minecraft\src\chunk.h(657): warning C4244: '=' : conversion from 'const int' to 'float', possible loss of data
     1>d:\tolfaine\education et emploi\education\enjmin\projets\synthese image\exercice 1\exercice 1\_minecraft\src\chunk.h(659): warning C4244: '=' : conversion from 'const int' to 'float', possible loss of data
     1>d:\tolfaine\education et emploi\education\enjmin\projets\synthese image\exercice 1\exercice 1\_minecraft\src\chunk.h(661): warning C4244: '=' : conversion from 'const int' to 'float', possible loss of data
     1>d:\tolfaine\education et emploi\education\enjmin\projets\synthese image\exercice 1\exercice 1\_minecraft\src\chunk.h(678): warning C4244: '=' : conversion from 'const int' to 'float', possible loss of data
     1>d:\tolfaine\education et emploi\education\enjmin\projets\synthese image\exercice 1\exercice 1\_minecraft\src\chunk.h(680): warning C4244: '=' : conversion from 'const int' to 'float', possible loss of data
     1>d:\tolfaine\education et emploi\education\enjmin\projets\synthese image\exercice 1\exercice 1\_minecraft\src\chunk.h(682): warning C4244: '=' : conversion from 'const int' to 'float', possible loss of data
     1>d:\tolfaine\education et emploi\education\enjmin\projets\synthese image\exercice 1\exercice 1\_minecraft\src\chunk.h(685): warning C4244: '=' : conversion from 'const int' to 'float', possible loss of data
     1>d:\tolfaine\education et emploi\education\enjmin\projets\synthese image\exercice 1\exercice 1\_minecraft\src\chunk.h(687): warning C4244: '=' : conversion from 'const int' to 'float', possible loss of data
     1>d:\tolfaine\education et emploi\education\enjmin\projets\synthese image\exercice 1\exercice 1\_minecraft\src\chunk.h(689): warning C4244: '=' : conversion from 'const int' to 'float', possible loss of data
     1>d:\tolfaine\education et emploi\education\enjmin\projets\synthese image\exercice 1\exercice 1\_minecraft\src\chunk.h(692): warning C4244: '=' : conversion from 'const int' to 'float', possible loss of data
     1>d:\tolfaine\education et emploi\education\enjmin\projets\synthese image\exercice 1\exercice 1\_minecraft\src\chunk.h(694): warning C4244: '=' : conversion from 'const int' to 'float', possible loss of data
     1>d:\tolfaine\education et emploi\education\enjmin\projets\synthese image\exercice 1\exercice 1\_minecraft\src\chunk.h(696): warning C4244: '=' : conversion from 'const int' to 'float', possible loss of data
     1>d:\tolfaine\education et emploi\education\enjmin\projets\synthese image\exercice 1\exercice 1\_minecraft\src\chunk.h(707): warning C4244: '=' : conversion from 'const int' to 'float', possible loss of data
     1>d:\tolfaine\education et emploi\education\enjmin\projets\synthese image\exercice 1\exercice 1\_minecraft\src\chunk.h(709): warning C4244: '=' : conversion from 'const int' to 'float', possible loss of data
     1>d:\tolfaine\education et emploi\education\enjmin\projets\synthese image\exercice 1\exercice 1\_minecraft\src\chunk.h(711): warning C4244: '=' : conversion from 'const int' to 'float', possible loss of data
     1>d:\tolfaine\education et emploi\education\enjmin\projets\synthese image\exercice 1\exercice 1\_minecraft\src\chunk.h(714): warning C4244: '=' : conversion from 'const int' to 'float', possible loss of data
     1>d:\tolfaine\education et emploi\education\enjmin\projets\synthese image\exercice 1\exercice 1\_minecraft\src\chunk.h(716): warning C4244: '=' : conversion from 'const int' to 'float', possible loss of data
     1>d:\tolfaine\education et emploi\education\enjmin\projets\synthese image\exercice 1\exercice 1\_minecraft\src\chunk.h(718): warning C4244: '=' : conversion from 'const int' to 'float', possible loss of data
     1>d:\tolfaine\education et emploi\education\enjmin\projets\synthese image\exercice 1\exercice 1\_minecraft\src\chunk.h(721): warning C4244: '=' : conversion from 'const int' to 'float', possible loss of data
     1>d:\tolfaine\education et emploi\education\enjmin\projets\synthese image\exercice 1\exercice 1\_minecraft\src\chunk.h(723): warning C4244: '=' : conversion from 'const int' to 'float', possible loss of data
     1>d:\tolfaine\education et emploi\education\enjmin\projets\synthese image\exercice 1\exercice 1\_minecraft\src\chunk.h(725): warning C4244: '=' : conversion from 'const int' to 'float', possible loss of data
     1>d:\tolfaine\education et emploi\education\enjmin\projets\synthese image\exercice 1\exercice 1\_minecraft\src\nyperlin.h(20): warning C4244: '=' : conversion from 'double' to 'float', possible loss of data
     1>d:\tolfaine\education et emploi\education\enjmin\projets\synthese image\exercice 1\exercice 1\_minecraft\src\nyperlin.h(21): warning C4244: '=' : conversion from 'double' to 'float', possible loss of data
     1>d:\tolfaine\education et emploi\education\enjmin\projets\synthese image\exercice 1\exercice 1\_minecraft\src\nyperlin.h(22): warning C4244: '=' : conversion from 'double' to 'float', possible loss of data
     1>d:\tolfaine\education et emploi\education\enjmin\projets\synthese image\exercice 1\exercice 1\_minecraft\src\nyperlin.h(46): warning C4244: 'initializing' : conversion from 'float' to 'int', possible loss of data
     1>d:\tolfaine\education et emploi\education\enjmin\projets\synthese image\exercice 1\exercice 1\_minecraft\src\nyperlin.h(47): warning C4244: 'initializing' : conversion from 'float' to 'int', possible loss of data
     1>d:\tolfaine\education et emploi\education\enjmin\projets\synthese image\exercice 1\exercice 1\_minecraft\src\nyperlin.h(48): warning C4244: 'initializing' : conversion from 'float' to 'int', possible loss of data
     1>d:\tolfaine\education et emploi\education\enjmin\projets\synthese image\exercice 1\exercice 1\_minecraft\src\nyperlin.h(49): warning C4244: 'initializing' : conversion from 'float' to 'int', possible loss of data
     1>d:\tolfaine\education et emploi\education\enjmin\projets\synthese image\exercice 1\exercice 1\_minecraft\src\nyperlin.h(50): warning C4244: 'initializing' : conversion from 'float' to 'int', possible loss of data
     1>d:\tolfaine\education et emploi\education\enjmin\projets\synthese image\exercice 1\exercice 1\_minecraft\src\nyperlin.h(51): warning C4244: 'initializing' : conversion from 'float' to 'int', possible loss of data
     1>d:\tolfaine\education et emploi\education\enjmin\projets\synthese image\exercice 1\exercice 1\_minecraft\src\nyperlin.h(59): warning C4244: 'argument' : conversion from 'int' to 'float', possible loss of data
     1>d:\tolfaine\education et emploi\education\enjmin\projets\synthese image\exercice 1\exercice 1\_minecraft\src\nyperlin.h(60): warning C4244: 'argument' : conversion from 'int' to 'float', possible loss of data
     1>d:\tolfaine\education et emploi\education\enjmin\projets\synthese image\exercice 1\exercice 1\_minecraft\src\nyperlin.h(61): warning C4244: 'argument' : conversion from 'int' to 'float', possible loss of data
     1>d:\tolfaine\education et emploi\education\enjmin\projets\synthese image\exercice 1\exercice 1\_minecraft\src\nyperlin.h(62): warning C4244: 'argument' : conversion from 'int' to 'float', possible loss of data
     1>d:\tolfaine\education et emploi\education\enjmin\projets\synthese image\exercice 1\exercice 1\_minecraft\src\nyperlin.h(65): warning C4244: 'argument' : conversion from 'int' to 'float', possible loss of data
     1>d:\tolfaine\education et emploi\education\enjmin\projets\synthese image\exercice 1\exercice 1\_minecraft\src\nyperlin.h(66): warning C4244: 'argument' : conversion from 'int' to 'float', possible loss of data
     1>d:\tolfaine\education et emploi\education\enjmin\projets\synthese image\exercice 1\exercice 1\_minecraft\src\nyperlin.h(67): warning C4244: 'argument' : conversion from 'int' to 'float', possible loss of data
     1>d:\tolfaine\education et emploi\education\enjmin\projets\synthese image\exercice 1\exercice 1\_minecraft\src\nyperlin.h(68): warning C4244: 'argument' : conversion from 'int' to 'float', possible loss of data
     1>d:\tolfaine\education et emploi\education\enjmin\projets\synthese image\exercice 1\exercice 1\_minecraft\src\nyperlin.h(91): warning C4305: '=' : truncation from 'double' to 'float'
     1>d:\tolfaine\education et emploi\education\enjmin\projets\synthese image\exercice 1\exercice 1\_minecraft\src\nyperlin.h(94): warning C4305: '=' : truncation from 'double' to 'float'
     1>d:\tolfaine\education et emploi\education\enjmin\projets\synthese image\exercice 1\exercice 1\_minecraft\src\nyperlin.h(97): warning C4244: '=' : conversion from 'double' to 'float', possible loss of data
     1>d:\tolfaine\education et emploi\education\enjmin\projets\synthese image\exercice 1\exercice 1\_minecraft\src\world.h(213): warning C4244: 'argument' : conversion from 'time_t' to 'unsigned int', possible loss of data
     1>d:\tolfaine\education et emploi\education\enjmin\projets\synthese image\exercice 1\exercice 1\_minecraft\src\world.h(220): warning C4305: 'initializing' : truncation from 'double' to 'float'
     1>d:\tolfaine\education et emploi\education\enjmin\projets\synthese image\exercice 1\exercice 1\_minecraft\src\world.h(227): warning C4305: 'argument' : truncation from 'double' to 'float'
     1>d:\tolfaine\education et emploi\education\enjmin\projets\synthese image\exercice 1\exercice 1\_minecraft\src\world.h(235): warning C4244: 'argument' : conversion from 'float' to 'int', possible loss of data
     1>d:\tolfaine\education et emploi\education\enjmin\projets\synthese image\exercice 1\exercice 1\_minecraft\src\world.h(339): warning C4101: 'cube' : unreferenced local variable
     1>d:\tolfaine\education et emploi\education\enjmin\projets\synthese image\exercice 1\exercice 1\_minecraft\src\world.h(445): warning C4244: '=' : conversion from 'double' to 'float', possible loss of data
     1>d:\tolfaine\education et emploi\education\enjmin\projets\synthese image\exercice 1\exercice 1\_minecraft\src\world.h(446): warning C4305: 'initializing' : truncation from 'double' to 'float'
     1>d:\tolfaine\education et emploi\education\enjmin\projets\synthese image\exercice 1\exercice 1\_minecraft\src\world.h(755): warning C4244: 'argument' : conversion from 'const int' to 'float', possible loss of data
     1>d:\tolfaine\education et emploi\education\enjmin\projets\synthese image\exercice 1\exercice 1\_minecraft\src\world.h(756): warning C4244: 'argument' : conversion from 'const int' to 'float', possible loss of data
     1>d:\tolfaine\education et emploi\education\enjmin\projets\synthese image\exercice 1\exercice 1\_minecraft\src\world.h(757): warning C4244: 'argument' : conversion from 'const int' to 'float', possible loss of data
     1>d:\tolfaine\education et emploi\education\enjmin\projets\synthese image\exercice 1\exercice 1\_minecraft\src\world.h(758): warning C4244: 'argument' : conversion from 'const int' to 'float', possible loss of data
     1>d:\tolfaine\education et emploi\education\enjmin\projets\synthese image\exercice 1\exercice 1\_minecraft\src\world.h(770): warning C4244: 'argument' : conversion from 'const int' to 'float', possible loss of data
     1>d:\tolfaine\education et emploi\education\enjmin\projets\synthese image\exercice 1\exercice 1\_minecraft\src\world.h(771): warning C4244: 'argument' : conversion from 'const int' to 'float', possible loss of data
     1>d:\tolfaine\education et emploi\education\enjmin\projets\synthese image\exercice 1\exercice 1\_minecraft\src\world.h(772): warning C4244: 'argument' : conversion from 'const int' to 'float', possible loss of data
     1>d:\tolfaine\education et emploi\education\enjmin\projets\synthese image\exercice 1\exercice 1\_minecraft\src\world.h(773): warning C4244: 'argument' : conversion from 'const int' to 'float', possible loss of data
     1>d:\tolfaine\education et emploi\education\enjmin\projets\synthese image\exercice 1\exercice 1\_minecraft\src\world.h(785): warning C4244: 'argument' : conversion from 'const int' to 'float', possible loss of data
     1>d:\tolfaine\education et emploi\education\enjmin\projets\synthese image\exercice 1\exercice 1\_minecraft\src\world.h(786): warning C4244: 'argument' : conversion from 'const int' to 'float', possible loss of data
     1>d:\tolfaine\education et emploi\education\enjmin\projets\synthese image\exercice 1\exercice 1\_minecraft\src\world.h(787): warning C4244: 'argument' : conversion from 'const int' to 'float', possible loss of data
     1>d:\tolfaine\education et emploi\education\enjmin\projets\synthese image\exercice 1\exercice 1\_minecraft\src\world.h(788): warning C4244: 'argument' : conversion from 'const int' to 'float', possible loss of data
     1>d:\tolfaine\education et emploi\education\enjmin\projets\synthese image\exercice 1\exercice 1\_minecraft\src\world.h(800): warning C4244: 'argument' : conversion from 'const int' to 'float', possible loss of data
     1>d:\tolfaine\education et emploi\education\enjmin\projets\synthese image\exercice 1\exercice 1\_minecraft\src\world.h(801): warning C4244: 'argument' : conversion from 'const int' to 'float', possible loss of data
     1>d:\tolfaine\education et emploi\education\enjmin\projets\synthese image\exercice 1\exercice 1\_minecraft\src\world.h(802): warning C4244: 'argument' : conversion from 'const int' to 'float', possible loss of data
     1>d:\tolfaine\education et emploi\education\enjmin\projets\synthese image\exercice 1\exercice 1\_minecraft\src\world.h(803): warning C4244: 'argument' : conversion from 'const int' to 'float', possible loss of data
     1>d:\tolfaine\education et emploi\education\enjmin\projets\synthese image\exercice 1\exercice 1\_minecraft\src\world.h(815): warning C4244: 'argument' : conversion from 'const int' to 'float', possible loss of data
     1>d:\tolfaine\education et emploi\education\enjmin\projets\synthese image\exercice 1\exercice 1\_minecraft\src\world.h(816): warning C4244: 'argument' : conversion from 'const int' to 'float', possible loss of data
     1>d:\tolfaine\education et emploi\education\enjmin\projets\synthese image\exercice 1\exercice 1\_minecraft\src\world.h(817): warning C4244: 'argument' : conversion from 'const int' to 'float', possible loss of data
     1>d:\tolfaine\education et emploi\education\enjmin\projets\synthese image\exercice 1\exercice 1\_minecraft\src\world.h(818): warning C4244: 'argument' : conversion from 'const int' to 'float', possible loss of data
     1>d:\tolfaine\education et emploi\education\enjmin\projets\synthese image\exercice 1\exercice 1\_minecraft\src\world.h(830): warning C4244: 'argument' : conversion from 'const int' to 'float', possible loss of data
     1>d:\tolfaine\education et emploi\education\enjmin\projets\synthese image\exercice 1\exercice 1\_minecraft\src\world.h(831): warning C4244: 'argument' : conversion from 'const int' to 'float', possible loss of data
     1>d:\tolfaine\education et emploi\education\enjmin\projets\synthese image\exercice 1\exercice 1\_minecraft\src\world.h(832): warning C4244: 'argument' : conversion from 'const int' to 'float', possible loss of data
     1>d:\tolfaine\education et emploi\education\enjmin\projets\synthese image\exercice 1\exercice 1\_minecraft\src\world.h(833): warning C4244: 'argument' : conversion from 'const int' to 'float', possible loss of data
     1>d:\tolfaine\education et emploi\education\enjmin\projets\synthese image\exercice 1\exercice 1\_minecraft\src\avatar.h(163): warning C4244: '+=' : conversion from 'double' to 'float', possible loss of data
     1>d:\tolfaine\education et emploi\education\enjmin\projets\synthese image\exercice 1\exercice 1\_minecraft\src\avatar.h(169): warning C4244: '+=' : conversion from 'double' to 'float', possible loss of data
     1>d:\tolfaine\education et emploi\education\enjmin\projets\synthese image\exercice 1\exercice 1\_minecraft\src\avatar.h(176): warning C4244: '+=' : conversion from 'double' to 'float', possible loss of data
     1>d:\tolfaine\education et emploi\education\enjmin\projets\synthese image\exercice 1\exercice 1\_minecraft\src\main.cpp(264): warning C4305: '*=' : truncation from 'double' to 'float'
     1>d:\tolfaine\education et emploi\education\enjmin\projets\synthese image\exercice 1\exercice 1\_minecraft\src\main.cpp(272): warning C4305: '*=' : truncation from 'double' to 'float'
     1>d:\tolfaine\education et emploi\education\enjmin\projets\synthese image\exercice 1\exercice 1\_minecraft\src\main.cpp(300): warning C4305: 'argument' : truncation from 'double' to 'float'
     1>d:\tolfaine\education et emploi\education\enjmin\projets\synthese image\exercice 1\exercice 1\_minecraft\src\main.cpp(302): warning C4305: 'argument' : truncation from 'double' to 'float'
     1>d:\tolfaine\education et emploi\education\enjmin\projets\synthese image\exercice 1\exercice 1\_minecraft\src\main.cpp(393): warning C4305: 'initializing' : truncation from 'double' to 'GLfloat'
     1>d:\tolfaine\education et emploi\education\enjmin\projets\synthese image\exercice 1\exercice 1\_minecraft\src\main.cpp(588): warning C4305: 'initializing' : truncation from 'double' to 'GLfloat'
     1>d:\tolfaine\education et emploi\education\enjmin\projets\synthese image\exercice 1\exercice 1\_minecraft\src\main.cpp(593): warning C4305: 'initializing' : truncation from 'double' to 'GLfloat'
     1>d:\tolfaine\education et emploi\education\enjmin\projets\synthese image\exercice 1\exercice 1\_minecraft\src\main.cpp(595): warning C4305: 'initializing' : truncation from 'double' to 'GLfloat'
     1>d:\tolfaine\education et emploi\education\enjmin\projets\synthese image\exercice 1\exercice 1\_minecraft\src\main.cpp(611): warning C4305: 'argument' : truncation from 'double' to 'float'
     1>d:\tolfaine\education et emploi\education\enjmin\projets\synthese image\exercice 1\exercice 1\_minecraft\src\main.cpp(674): warning C4305: 'argument' : truncation from 'double' to 'float'
     1>d:\tolfaine\education et emploi\education\enjmin\projets\synthese image\exercice 1\exercice 1\_minecraft\src\main.cpp(679): warning C4305: 'argument' : truncation from 'double' to 'float'
     1>d:\tolfaine\education et emploi\education\enjmin\projets\synthese image\exercice 1\exercice 1\_minecraft\src\main.cpp(685): warning C4305: 'argument' : truncation from 'double' to 'float'
     1>d:\tolfaine\education et emploi\education\enjmin\projets\synthese image\exercice 1\exercice 1\_minecraft\src\main.cpp(691): warning C4305: 'argument' : truncation from 'double' to 'float'
     1>d:\tolfaine\education et emploi\education\enjmin\projets\synthese image\exercice 1\exercice 1\_minecraft\src\main.cpp(789): warning C4244: 'argument' : conversion from 'int' to 'float', possible loss of data
       Link:
         D:\Tolfaine\Logiciels\VC\bin\link.exe /ERRORREPORT:PROMPT /OUT:"D:\Tolfaine\Education et emploi\Education\Enjmin\Projets\Synthese image\Exercice 1\Exercice 1\_minecraft\Debug\base.exe" /INCREMENTAL /NOLOGO /LIBPATH:../lib /LIBPATH:../../_engine/lib libpng16.lib libcurl.lib openal32.lib alut_d.lib glew32.lib freeglut.lib Kernel32.lib Psapi.lib kernel32.lib user32.lib gdi32.lib winspool.lib comdlg32.lib advapi32.lib shell32.lib ole32.lib oleaut32.lib uuid.lib odbc32.lib odbccp32.lib /MANIFEST /MANIFESTUAC:"level='asInvoker' uiAccess='false'" /manifest:embed /DEBUG /PDB:"D:\Tolfaine\Education et emploi\Education\Enjmin\Projets\Synthese image\Exercice 1\Exercice 1\_minecraft\Debug\base.pdb" /SUBSYSTEM:CONSOLE /TLBID:1 /DYNAMICBASE /NXCOMPAT /IMPLIB:"D:\Tolfaine\Education et emploi\Education\Enjmin\Projets\Synthese image\Exercice 1\Exercice 1\_minecraft\Debug\base.lib" /MACHINE:X86 /SAFESEH Debug\log.obj
         Debug\renderer.obj
         Debug\chunk.obj
         Debug\main.obj
         Debug\NYPerlin.obj
         Debug\PerlinNoise.obj
         base.vcxproj -> D:\Tolfaine\Education et emploi\Education\Enjmin\Projets\Synthese image\Exercice 1\Exercice 1\_minecraft\Debug\base.exe
     1>Done Building Project "D:\Tolfaine\Education et emploi\Education\Enjmin\Projets\Synthese image\Exercice 1\Exercice 1\_minecraft\base\base.vcxproj" (Build target(s)).

Build succeeded.

Time Elapsed 00:00:05.77
